[debug] [2023-03-21T16:33:48.882Z] ----------------------------------------------------------------------
[debug] [2023-03-21T16:33:48.884Z] Command:       C:\Program Files\nodejs\node.exe C:\Users\moham\AppData\Roaming\npm\node_modules\firebase-tools\lib\bin\firebase.js init
[debug] [2023-03-21T16:33:48.885Z] CLI Version:   11.24.1
[debug] [2023-03-21T16:33:48.885Z] Platform:      win32
[debug] [2023-03-21T16:33:48.885Z] Node Version:  v16.16.0
[debug] [2023-03-21T16:33:48.886Z] Time:          Tue Mar 21 2023 20:33:48 GMT+0400 (Gulf Standard Time)
[debug] [2023-03-21T16:33:48.886Z] ----------------------------------------------------------------------
[debug] 
[debug] [2023-03-21T16:33:48.970Z] > command requires scopes: ["email","openid","https://www.googleapis.com/auth/cloudplatformprojects.readonly","https://www.googleapis.com/auth/firebase","https://www.googleapis.com/auth/cloud-platform"]
[debug] [2023-03-21T16:33:48.970Z] > authorizing via signed-in user (mohammed2399safwat@gmail.com)
[info] 
     ######## #### ########  ######## ########     ###     ######  ########
     ##        ##  ##     ## ##       ##     ##  ##   ##  ##       ##
     ######    ##  ########  ######   ########  #########  ######  ######
     ##        ##  ##    ##  ##       ##     ## ##     ##       ## ##
     ##       #### ##     ## ######## ########  ##     ##  ######  ########

You're about to initialize a Firebase project in this directory:

  C:\Users\moham\OneDrive\Desktop\Amazon_Clone-main

Before we get started, keep in mind:

  * You are initializing within an existing Firebase project directory

[info] 
=== Project Setup
[info] 
[info] First, let's associate this project directory with a Firebase project.
[info] You can create multiple project aliases by running firebase use --add, 
[info] but for now we'll just set up a default project.
[info] 
[debug] [2023-03-21T16:33:56.728Z] Using project from CLI flag: clone-c6c1d
[debug] [2023-03-21T16:33:56.730Z] >>> [apiv2][query] GET https://firebase.googleapis.com/v1beta1/projects/clone-c6c1d [none]
[debug] [2023-03-21T16:33:58.850Z] <<< [apiv2][status] GET https://firebase.googleapis.com/v1beta1/projects/clone-c6c1d 200
[debug] [2023-03-21T16:33:58.850Z] <<< [apiv2][body] GET https://firebase.googleapis.com/v1beta1/projects/clone-c6c1d {"projectId":"clone-c6c1d","projectNumber":"490583530395","displayName":"Amazon-clone","name":"projects/clone-c6c1d","resources":{"hostingSite":"clone-c6c1d"},"state":"ACTIVE","etag":"1_74a129d6-183b-447e-8691-da7472bc9044"}
[info] i  Using project clone-c6c1d (Amazon-clone) 
[info] 
=== Hosting Setup
[info] 
[info] Your public directory is the folder (relative to your project directory) that
[info] will contain Hosting assets to be uploaded with firebase deploy. If you
[info] have a build process for your assets, use your build's output directory.
[info] 
[debug] [2023-03-21T16:34:15.490Z] >>> [apiv2][query] GET https://www.gstatic.com/firebasejs/releases.json [none]
[debug] [2023-03-21T16:34:17.585Z] <<< [apiv2][status] GET https://www.gstatic.com/firebasejs/releases.json 200
[debug] [2023-03-21T16:34:17.585Z] <<< [apiv2][body] GET https://www.gstatic.com/firebasejs/releases.json {"current":{"version":"9.18.0","browserURL":"https://www.gstatic.com/firebasejs/9.18.0/firebase.js","packageURL":"https://www.gstatic.com/firebasejs/9.18.0/firebase.tgz"},"live":{"version":"9.18","browserURL":"https://www.gstatic.com/firebasejs/live/9.18/firebase.js","packageURL":"https://www.gstatic.com/firebasejs/live/9.18/firebase.tgz"},"components":{"analytics":"https://www.gstatic.com/firebasejs/9.18.0/firebase-analytics.js","app":"https://www.gstatic.com/firebasejs/9.18.0/firebase-app.js","app-check":"https://www.gstatic.com/firebasejs/9.18.0/firebase-app-check.js","auth":"https://www.gstatic.com/firebasejs/9.18.0/firebase-auth.js","auth/cordova":"https://www.gstatic.com/firebasejs/9.18.0/firebase-auth/cordova.js","auth/react-native":"https://www.gstatic.com/firebasejs/9.18.0/firebase-auth/react-native.js","functions":"https://www.gstatic.com/firebasejs/9.18.0/firebase-functions.js","firestore":"https://www.gstatic.com/firebasejs/9.18.0/firebase-firestore.js","firestore/lite":"https://www.gstatic.com/firebasejs/9.18.0/firebase-firestore/lite.js","installations":"https://www.gstatic.com/firebasejs/9.18.0/firebase-installations.js","storage":"https://www.gstatic.com/firebasejs/9.18.0/firebase-storage.js","performance":"https://www.gstatic.com/firebasejs/9.18.0/firebase-performance.js","remote-config":"https://www.gstatic.com/firebasejs/9.18.0/firebase-remote-config.js","messaging":"https://www.gstatic.com/firebasejs/9.18.0/firebase-messaging.js","messaging/sw":"https://www.gstatic.com/firebasejs/9.18.0/firebase-messaging/sw.js","database":"https://www.gstatic.com/firebasejs/9.18.0/firebase-database.js","firestore.memory":"https://www.gstatic.com/firebasejs/9.18.0/firebase-firestore.memory.js"}}
[info] +  Wrote build/index.html 
[info] 
[info] i  Didn't detect a .git folder. Assuming C:\Users\moham\OneDrive\Desktop\Amazon_Clone-main\functions is the project root. 
[info] i  Authorizing with GitHub to upload your service account to a GitHub repository's secrets store. 
[info] 
[info] Visit this URL on this device to log in:
[info] https://github.com/login/oauth/authorize?client_id=89cf50f02ac6aaed3484&state=554966930&redirect_uri=http%3A%2F%2Flocalhost%3A9005&scope=read%3Auser%20repo%20public_repo
[info] 
[info] Waiting for authentication...
[debug] [2023-03-21T16:34:21.074Z] >>> [apiv2][query] POST https://github.com/login/oauth/access_token [none]
[debug] [2023-03-21T16:34:21.074Z] >>> [apiv2][body] POST https://github.com/login/oauth/access_token [stream]
[debug] [2023-03-21T16:34:21.898Z] <<< [apiv2][status] POST https://github.com/login/oauth/access_token 200
[debug] [2023-03-21T16:34:21.898Z] <<< [apiv2][body] POST https://github.com/login/oauth/access_token {"access_token":"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","token_type":"bearer","scope":"read:user,repo"}
[debug] [2023-03-21T16:34:21.905Z] >>> [apiv2][query] GET https://api.github.com/user [none]
[debug] [2023-03-21T16:34:22.651Z] <<< [apiv2][status] GET https://api.github.com/user 200
[debug] [2023-03-21T16:34:22.651Z] <<< [apiv2][body] GET https://api.github.com/user {"login":"mohammedsafwat2399","id":86661297,"node_id":"MDQ6VXNlcjg2NjYxMjk3","avatar_url":"https://avatars.githubusercontent.com/u/86661297?v=4","gravatar_id":"","url":"https://api.github.com/users/mohammedsafwat2399","html_url":"https://github.com/mohammedsafwat2399","followers_url":"https://api.github.com/users/mohammedsafwat2399/followers","following_url":"https://api.github.com/users/mohammedsafwat2399/following{/other_user}","gists_url":"https://api.github.com/users/mohammedsafwat2399/gists{/gist_id}","starred_url":"https://api.github.com/users/mohammedsafwat2399/starred{/owner}{/repo}","subscriptions_url":"https://api.github.com/users/mohammedsafwat2399/subscriptions","organizations_url":"https://api.github.com/users/mohammedsafwat2399/orgs","repos_url":"https://api.github.com/users/mohammedsafwat2399/repos","events_url":"https://api.github.com/users/mohammedsafwat2399/events{/privacy}","received_events_url":"https://api.github.com/users/mohammedsafwat2399/received_events","type":"User","site_admin":false,"name":null,"company":null,"blog":"","location":null,"email":null,"hireable":null,"bio":null,"twitter_username":null,"public_repos":15,"public_gists":0,"followers":0,"following":0,"created_at":"2021-06-29T10:59:23Z","updated_at":"2023-03-09T11:24:37Z","private_gists":0,"total_private_repos":0,"owned_private_repos":0,"disk_usage":49624,"collaborators":0,"two_factor_authentication":false,"plan":{"name":"free","space":976562499,"collaborators":0,"private_repos":10000}}
[info] 
[info] +  Success! Logged into GitHub as mohammedsafwat2399 
[info] 
[debug] [2023-03-21T16:35:27.094Z] >>> [apiv2][query] GET https://api.github.com/repos/y/actions/secrets/public-key type=owner
[debug] [2023-03-21T16:35:29.069Z] <<< [apiv2][status] GET https://api.github.com/repos/y/actions/secrets/public-key 404
[debug] [2023-03-21T16:35:29.069Z] <<< [apiv2][body] GET https://api.github.com/repos/y/actions/secrets/public-key {"message":"Not Found","documentation_url":"https://docs.github.com/rest"}
